CRITICAL - 2022-11-02 23:31:17 --> Invalid file: login.php
#0 C:\xampp\htdocs\u-work\system\View\View.php(203): CodeIgniter\Exceptions\FrameworkException::forInvalidFile('login.php')
#1 C:\xampp\htdocs\u-work\system\Common.php(1217): CodeIgniter\View\View->render('login', Array, true)
#2 C:\xampp\htdocs\u-work\app\Controllers\LoginController.php(13): view('login')
#3 C:\xampp\htdocs\u-work\system\CodeIgniter.php(936): App\Controllers\LoginController->index()
#4 C:\xampp\htdocs\u-work\system\CodeIgniter.php(432): CodeIgniter\CodeIgniter->runController(Object(App\Controllers\LoginController))
#5 C:\xampp\htdocs\u-work\system\CodeIgniter.php(333): CodeIgniter\CodeIgniter->handleRequest(NULL, Object(Config\Cache), false)
#6 C:\xampp\htdocs\u-work\public\index.php(44): CodeIgniter\CodeIgniter->run()
#7 C:\xampp\htdocs\u-work\system\Commands\Server\rewrite.php(45): require_once('C:\\xampp\\htdocs...')
#8 {main}
CRITICAL - 2022-11-02 23:31:35 --> Invalid file: login.php
#0 C:\xampp\htdocs\u-work\system\View\View.php(203): CodeIgniter\Exceptions\FrameworkException::forInvalidFile('login.php')
#1 C:\xampp\htdocs\u-work\system\Common.php(1217): CodeIgniter\View\View->render('login', Array, true)
#2 C:\xampp\htdocs\u-work\app\Controllers\LoginController.php(13): view('login')
#3 C:\xampp\htdocs\u-work\system\CodeIgniter.php(936): App\Controllers\LoginController->index()
#4 C:\xampp\htdocs\u-work\system\CodeIgniter.php(432): CodeIgniter\CodeIgniter->runController(Object(App\Controllers\LoginController))
#5 C:\xampp\htdocs\u-work\system\CodeIgniter.php(333): CodeIgniter\CodeIgniter->handleRequest(NULL, Object(Config\Cache), false)
#6 C:\xampp\htdocs\u-work\public\index.php(44): CodeIgniter\CodeIgniter->run()
#7 C:\xampp\htdocs\u-work\system\Commands\Server\rewrite.php(45): require_once('C:\\xampp\\htdocs...')
#8 {main}
