CRITICAL - 2022-10-27 07:02:55 --> The framework needs the following extension(s) installed and loaded: {0}.
#0 C:\xampp\htdocs\u-work\system\CodeIgniter.php(224): CodeIgniter\Exceptions\FrameworkException::forMissingExtension('intl')
#1 C:\xampp\htdocs\u-work\system\CodeIgniter.php(172): CodeIgniter\CodeIgniter->resolvePlatformExtensions()
#2 C:\xampp\htdocs\u-work\system\bootstrap.php(159): CodeIgniter\CodeIgniter->initialize()
#3 C:\xampp\htdocs\u-work\spark(53): require('C:\\xampp\\htdocs...')
#4 {main}
CRITICAL - 2022-10-27 00:11:46 --> filter_var(): Passing null to parameter #3 ($options) of type array|int is deprecated
#0 [internal function]: CodeIgniter\Debug\Exceptions->errorHandler(8192, 'filter_var(): P...', 'C:\\xampp\\htdocs...', 326)
#1 C:\xampp\htdocs\u-work\system\HTTP\RequestTrait.php(326): filter_var('spark', 516, NULL)
#2 [internal function]: CodeIgniter\HTTP\Request->CodeIgniter\HTTP\{closure}('spark', 0)
#3 C:\xampp\htdocs\u-work\system\HTTP\RequestTrait.php(327): array_walk_recursive(Array, Object(Closure))
#4 C:\xampp\htdocs\u-work\system\HTTP\RequestTrait.php(195): CodeIgniter\HTTP\Request->fetchGlobal('server', 'argv', 516, NULL)
#5 C:\xampp\htdocs\u-work\system\HTTP\CLIRequest.php(190): CodeIgniter\HTTP\Request->getServer('argv')
#6 C:\xampp\htdocs\u-work\system\HTTP\CLIRequest.php(70): CodeIgniter\HTTP\CLIRequest->parseCommand()
#7 C:\xampp\htdocs\u-work\system\Config\Services.php(131): CodeIgniter\HTTP\CLIRequest->__construct(Object(Config\App))
#8 C:\xampp\htdocs\u-work\system\Config\BaseService.php(100): CodeIgniter\Config\Services::clirequest(Object(Config\App), false)
#9 C:\xampp\htdocs\u-work\system\Config\Services.php(126): CodeIgniter\Config\BaseService::getSharedInstance('clirequest', Object(Config\App))
#10 C:\xampp\htdocs\u-work\system\Config\BaseService.php(171): CodeIgniter\Config\Services::clirequest(Object(Config\App))
#11 C:\xampp\htdocs\u-work\system\CodeIgniter.php(593): CodeIgniter\Config\BaseService::__callStatic('clirequest', Array)
#12 C:\xampp\htdocs\u-work\system\CodeIgniter.php(307): CodeIgniter\CodeIgniter->getRequestObject()
#13 C:\xampp\htdocs\u-work\system\CLI\Console.php(61): CodeIgniter\CodeIgniter->run()
#14 C:\xampp\htdocs\u-work\spark(66): CodeIgniter\CLI\Console->run()
#15 {main}
CRITICAL - 2022-10-27 00:15:40 --> filter_var(): Passing null to parameter #3 ($options) of type array|int is deprecated
#0 [internal function]: CodeIgniter\Debug\Exceptions->errorHandler(8192, 'filter_var(): P...', 'C:\\xampp\\htdocs...', 326)
#1 C:\xampp\htdocs\u-work\system\HTTP\RequestTrait.php(326): filter_var('spark', 516, NULL)
#2 [internal function]: CodeIgniter\HTTP\Request->CodeIgniter\HTTP\{closure}('spark', 0)
#3 C:\xampp\htdocs\u-work\system\HTTP\RequestTrait.php(327): array_walk_recursive(Array, Object(Closure))
#4 C:\xampp\htdocs\u-work\system\HTTP\RequestTrait.php(195): CodeIgniter\HTTP\Request->fetchGlobal('server', 'argv', 516, NULL)
#5 C:\xampp\htdocs\u-work\system\HTTP\CLIRequest.php(190): CodeIgniter\HTTP\Request->getServer('argv')
#6 C:\xampp\htdocs\u-work\system\HTTP\CLIRequest.php(70): CodeIgniter\HTTP\CLIRequest->parseCommand()
#7 C:\xampp\htdocs\u-work\system\Config\Services.php(131): CodeIgniter\HTTP\CLIRequest->__construct(Object(Config\App))
#8 C:\xampp\htdocs\u-work\system\Config\BaseService.php(100): CodeIgniter\Config\Services::clirequest(Object(Config\App), false)
#9 C:\xampp\htdocs\u-work\system\Config\Services.php(126): CodeIgniter\Config\BaseService::getSharedInstance('clirequest', Object(Config\App))
#10 C:\xampp\htdocs\u-work\system\Config\BaseService.php(171): CodeIgniter\Config\Services::clirequest(Object(Config\App))
#11 C:\xampp\htdocs\u-work\system\CodeIgniter.php(593): CodeIgniter\Config\BaseService::__callStatic('clirequest', Array)
#12 C:\xampp\htdocs\u-work\system\CodeIgniter.php(307): CodeIgniter\CodeIgniter->getRequestObject()
#13 C:\xampp\htdocs\u-work\system\CLI\Console.php(61): CodeIgniter\CodeIgniter->run()
#14 C:\xampp\htdocs\u-work\spark(66): CodeIgniter\CLI\Console->run()
#15 {main}
CRITICAL - 2022-10-27 00:16:08 --> filter_var(): Passing null to parameter #3 ($options) of type array|int is deprecated
#0 [internal function]: CodeIgniter\Debug\Exceptions->errorHandler(8192, 'filter_var(): P...', 'C:\\xampp\\htdocs...', 326)
#1 C:\xampp\htdocs\u-work\system\HTTP\RequestTrait.php(326): filter_var('spark', 516, NULL)
#2 [internal function]: CodeIgniter\HTTP\Request->CodeIgniter\HTTP\{closure}('spark', 0)
#3 C:\xampp\htdocs\u-work\system\HTTP\RequestTrait.php(327): array_walk_recursive(Array, Object(Closure))
#4 C:\xampp\htdocs\u-work\system\HTTP\RequestTrait.php(195): CodeIgniter\HTTP\Request->fetchGlobal('server', 'argv', 516, NULL)
#5 C:\xampp\htdocs\u-work\system\HTTP\CLIRequest.php(190): CodeIgniter\HTTP\Request->getServer('argv')
#6 C:\xampp\htdocs\u-work\system\HTTP\CLIRequest.php(70): CodeIgniter\HTTP\CLIRequest->parseCommand()
#7 C:\xampp\htdocs\u-work\system\Config\Services.php(131): CodeIgniter\HTTP\CLIRequest->__construct(Object(Config\App))
#8 C:\xampp\htdocs\u-work\system\Config\BaseService.php(100): CodeIgniter\Config\Services::clirequest(Object(Config\App), false)
#9 C:\xampp\htdocs\u-work\system\Config\Services.php(126): CodeIgniter\Config\BaseService::getSharedInstance('clirequest', Object(Config\App))
#10 C:\xampp\htdocs\u-work\system\Config\BaseService.php(171): CodeIgniter\Config\Services::clirequest(Object(Config\App))
#11 C:\xampp\htdocs\u-work\system\CodeIgniter.php(593): CodeIgniter\Config\BaseService::__callStatic('clirequest', Array)
#12 C:\xampp\htdocs\u-work\system\CodeIgniter.php(307): CodeIgniter\CodeIgniter->getRequestObject()
#13 C:\xampp\htdocs\u-work\system\CLI\Console.php(61): CodeIgniter\CodeIgniter->run()
#14 C:\xampp\htdocs\u-work\spark(66): CodeIgniter\CLI\Console->run()
#15 {main}
CRITICAL - 2022-10-27 00:17:14 --> Constant FILTER_SANITIZE_STRING is deprecated
#0 C:\xampp\htdocs\u-work\system\HTTP\CLIRequest.php(205): CodeIgniter\Debug\Exceptions->errorHandler(8192, 'Constant FILTER...', 'C:\\xampp\\htdocs...', 205)
#1 C:\xampp\htdocs\u-work\system\HTTP\CLIRequest.php(70): CodeIgniter\HTTP\CLIRequest->parseCommand()
#2 C:\xampp\htdocs\u-work\system\Config\Services.php(131): CodeIgniter\HTTP\CLIRequest->__construct(Object(Config\App))
#3 C:\xampp\htdocs\u-work\system\Config\BaseService.php(100): CodeIgniter\Config\Services::clirequest(Object(Config\App), false)
#4 C:\xampp\htdocs\u-work\system\Config\Services.php(126): CodeIgniter\Config\BaseService::getSharedInstance('clirequest', Object(Config\App))
#5 C:\xampp\htdocs\u-work\system\Config\BaseService.php(171): CodeIgniter\Config\Services::clirequest(Object(Config\App))
#6 C:\xampp\htdocs\u-work\system\CodeIgniter.php(593): CodeIgniter\Config\BaseService::__callStatic('clirequest', Array)
#7 C:\xampp\htdocs\u-work\system\CodeIgniter.php(307): CodeIgniter\CodeIgniter->getRequestObject()
#8 C:\xampp\htdocs\u-work\system\CLI\Console.php(61): CodeIgniter\CodeIgniter->run()
#9 C:\xampp\htdocs\u-work\spark(66): CodeIgniter\CLI\Console->run()
#10 {main}
CRITICAL - 2022-10-27 00:30:35 --> Constant FILTER_SANITIZE_STRING is deprecated
#0 C:\xampp\htdocs\u-work\system\Router\RouteCollection.php(1359): CodeIgniter\Debug\Exceptions->errorHandler(8192, 'Constant FILTER...', 'C:\\xampp\\htdocs...', 1359)
#1 C:\xampp\htdocs\u-work\system\Router\RouteCollection.php(608): CodeIgniter\Router\RouteCollection->create('*', 'BaseController(...', Object(Closure), NULL)
#2 C:\xampp\htdocs\u-work\system\Config\Routes.php(27): CodeIgniter\Router\RouteCollection->add('BaseController(...', Object(Closure))
#3 C:\xampp\htdocs\u-work\app\Config\Routes.php(10): require('C:\\xampp\\htdocs...')
#4 C:\xampp\htdocs\u-work\system\CodeIgniter.php(803): require('C:\\xampp\\htdocs...')
#5 C:\xampp\htdocs\u-work\system\CodeIgniter.php(385): CodeIgniter\CodeIgniter->tryToRouteIt(Object(CodeIgniter\Router\RouteCollection))
#6 C:\xampp\htdocs\u-work\system\CodeIgniter.php(333): CodeIgniter\CodeIgniter->handleRequest(NULL, Object(Config\Cache), false)
#7 C:\xampp\htdocs\u-work\system\CLI\Console.php(61): CodeIgniter\CodeIgniter->run()
#8 C:\xampp\htdocs\u-work\spark(66): CodeIgniter\CLI\Console->run()
#9 {main}
CRITICAL - 2022-10-27 00:33:09 --> Constant FILTER_SANITIZE_STRING is deprecated
#0 C:\xampp\htdocs\u-work\system\Router\RouteCollection.php(253): CodeIgniter\Debug\Exceptions->errorHandler(8192, 'Constant FILTER...', 'C:\\xampp\\htdocs...', 253)
#1 C:\xampp\htdocs\u-work\app\Config\Routes.php(18): CodeIgniter\Router\RouteCollection->setDefaultNamespace('App\\Controllers')
#2 C:\xampp\htdocs\u-work\system\CodeIgniter.php(803): require('C:\\xampp\\htdocs...')
#3 C:\xampp\htdocs\u-work\system\CodeIgniter.php(385): CodeIgniter\CodeIgniter->tryToRouteIt(Object(CodeIgniter\Router\RouteCollection))
#4 C:\xampp\htdocs\u-work\system\CodeIgniter.php(333): CodeIgniter\CodeIgniter->handleRequest(NULL, Object(Config\Cache), false)
#5 C:\xampp\htdocs\u-work\system\CLI\Console.php(61): CodeIgniter\CodeIgniter->run()
#6 C:\xampp\htdocs\u-work\spark(66): CodeIgniter\CLI\Console->run()
#7 {main}
CRITICAL - 2022-10-27 00:33:41 --> Constant FILTER_SANITIZE_STRING is deprecated
#0 C:\xampp\htdocs\u-work\system\Router\RouteCollection.php(271): CodeIgniter\Debug\Exceptions->errorHandler(8192, 'Constant FILTER...', 'C:\\xampp\\htdocs...', 271)
#1 C:\xampp\htdocs\u-work\app\Config\Routes.php(19): CodeIgniter\Router\RouteCollection->setDefaultController('Home')
#2 C:\xampp\htdocs\u-work\system\CodeIgniter.php(803): require('C:\\xampp\\htdocs...')
#3 C:\xampp\htdocs\u-work\system\CodeIgniter.php(385): CodeIgniter\CodeIgniter->tryToRouteIt(Object(CodeIgniter\Router\RouteCollection))
#4 C:\xampp\htdocs\u-work\system\CodeIgniter.php(333): CodeIgniter\CodeIgniter->handleRequest(NULL, Object(Config\Cache), false)
#5 C:\xampp\htdocs\u-work\system\CLI\Console.php(61): CodeIgniter\CodeIgniter->run()
#6 C:\xampp\htdocs\u-work\spark(66): CodeIgniter\CLI\Console->run()
#7 {main}
