CRITICAL - 2022-11-23 20:14:31 --> noauth filter must have a matching alias defined.
#0 C:\xampp\htdocs\u-work\system\Filters\Filters.php(354): CodeIgniter\Filters\Exceptions\FilterException::forNoAlias('noauth')
#1 C:\xampp\htdocs\u-work\system\CodeIgniter.php(394): CodeIgniter\Filters\Filters->enableFilter('noauth', 'before')
#2 C:\xampp\htdocs\u-work\system\CodeIgniter.php(333): CodeIgniter\CodeIgniter->handleRequest(NULL, Object(Config\Cache), false)
#3 C:\xampp\htdocs\u-work\public\index.php(44): CodeIgniter\CodeIgniter->run()
#4 C:\xampp\htdocs\u-work\system\Commands\Server\rewrite.php(45): require_once('C:\\xampp\\htdocs...')
#5 {main}
CRITICAL - 2022-11-23 20:16:19 --> noauth filter must have a matching alias defined.
#0 C:\xampp\htdocs\u-work\system\Filters\Filters.php(354): CodeIgniter\Filters\Exceptions\FilterException::forNoAlias('noauth')
#1 C:\xampp\htdocs\u-work\system\CodeIgniter.php(394): CodeIgniter\Filters\Filters->enableFilter('noauth', 'before')
#2 C:\xampp\htdocs\u-work\system\CodeIgniter.php(333): CodeIgniter\CodeIgniter->handleRequest(NULL, Object(Config\Cache), false)
#3 C:\xampp\htdocs\u-work\public\index.php(44): CodeIgniter\CodeIgniter->run()
#4 C:\xampp\htdocs\u-work\system\Commands\Server\rewrite.php(45): require_once('C:\\xampp\\htdocs...')
#5 {main}
CRITICAL - 2022-11-23 20:17:23 --> noauth filter must have a matching alias defined.
#0 C:\xampp\htdocs\u-work\system\Filters\Filters.php(354): CodeIgniter\Filters\Exceptions\FilterException::forNoAlias('noauth')
#1 C:\xampp\htdocs\u-work\system\CodeIgniter.php(394): CodeIgniter\Filters\Filters->enableFilter('noauth', 'before')
#2 C:\xampp\htdocs\u-work\system\CodeIgniter.php(333): CodeIgniter\CodeIgniter->handleRequest(NULL, Object(Config\Cache), false)
#3 C:\xampp\htdocs\u-work\public\index.php(44): CodeIgniter\CodeIgniter->run()
#4 C:\xampp\htdocs\u-work\system\Commands\Server\rewrite.php(45): require_once('C:\\xampp\\htdocs...')
#5 {main}
CRITICAL - 2022-11-23 20:22:47 --> noauth filter must have a matching alias defined.
#0 C:\xampp\htdocs\u-work\system\Filters\Filters.php(354): CodeIgniter\Filters\Exceptions\FilterException::forNoAlias('noauth')
#1 C:\xampp\htdocs\u-work\system\CodeIgniter.php(394): CodeIgniter\Filters\Filters->enableFilter('noauth', 'before')
#2 C:\xampp\htdocs\u-work\system\CodeIgniter.php(333): CodeIgniter\CodeIgniter->handleRequest(NULL, Object(Config\Cache), false)
#3 C:\xampp\htdocs\u-work\public\index.php(44): CodeIgniter\CodeIgniter->run()
#4 C:\xampp\htdocs\u-work\system\Commands\Server\rewrite.php(45): require_once('C:\\xampp\\htdocs...')
#5 {main}
CRITICAL - 2022-11-23 23:48:27 --> noauth filter must have a matching alias defined.
#0 C:\xampp\htdocs\u-work\system\Filters\Filters.php(354): CodeIgniter\Filters\Exceptions\FilterException::forNoAlias('noauth')
#1 C:\xampp\htdocs\u-work\system\CodeIgniter.php(394): CodeIgniter\Filters\Filters->enableFilter('noauth', 'before')
#2 C:\xampp\htdocs\u-work\system\CodeIgniter.php(333): CodeIgniter\CodeIgniter->handleRequest(NULL, Object(Config\Cache), false)
#3 C:\xampp\htdocs\u-work\public\index.php(44): CodeIgniter\CodeIgniter->run()
#4 C:\xampp\htdocs\u-work\system\Commands\Server\rewrite.php(45): require_once('C:\\xampp\\htdocs...')
#5 {main}
CRITICAL - 2022-11-23 23:49:03 --> noauth filter must have a matching alias defined.
#0 C:\xampp\htdocs\u-work\system\Filters\Filters.php(354): CodeIgniter\Filters\Exceptions\FilterException::forNoAlias('noauth')
#1 C:\xampp\htdocs\u-work\system\CodeIgniter.php(394): CodeIgniter\Filters\Filters->enableFilter('noauth', 'before')
#2 C:\xampp\htdocs\u-work\system\CodeIgniter.php(333): CodeIgniter\CodeIgniter->handleRequest(NULL, Object(Config\Cache), false)
#3 C:\xampp\htdocs\u-work\public\index.php(44): CodeIgniter\CodeIgniter->run()
#4 C:\xampp\htdocs\u-work\system\Commands\Server\rewrite.php(45): require_once('C:\\xampp\\htdocs...')
#5 {main}
CRITICAL - 2022-11-23 23:49:19 --> noauth filter must have a matching alias defined.
#0 C:\xampp\htdocs\u-work\system\Filters\Filters.php(354): CodeIgniter\Filters\Exceptions\FilterException::forNoAlias('noauth')
#1 C:\xampp\htdocs\u-work\system\CodeIgniter.php(394): CodeIgniter\Filters\Filters->enableFilter('noauth', 'before')
#2 C:\xampp\htdocs\u-work\system\CodeIgniter.php(333): CodeIgniter\CodeIgniter->handleRequest(NULL, Object(Config\Cache), false)
#3 C:\xampp\htdocs\u-work\public\index.php(44): CodeIgniter\CodeIgniter->run()
#4 C:\xampp\htdocs\u-work\system\Commands\Server\rewrite.php(45): require_once('C:\\xampp\\htdocs...')
#5 {main}
