CRITICAL - 2022-11-24 02:20:26 --> Invalid file: apps-contacts-grid.php
#0 C:\xampp\htdocs\u-work\system\View\View.php(203): CodeIgniter\Exceptions\FrameworkException::forInvalidFile('apps-contacts-g...')
#1 C:\xampp\htdocs\u-work\system\Common.php(1217): CodeIgniter\View\View->render('apps-contacts-g...', Array, true)
#2 C:\xampp\htdocs\u-work\app\Controllers\Home.php(159): view('apps-contacts-g...', Array)
#3 C:\xampp\htdocs\u-work\system\CodeIgniter.php(936): App\Controllers\Home->show_contacts_grid()
#4 C:\xampp\htdocs\u-work\system\CodeIgniter.php(432): CodeIgniter\CodeIgniter->runController(Object(App\Controllers\Home))
#5 C:\xampp\htdocs\u-work\system\CodeIgniter.php(333): CodeIgniter\CodeIgniter->handleRequest(NULL, Object(Config\Cache), false)
#6 C:\xampp\htdocs\u-work\public\index.php(44): CodeIgniter\CodeIgniter->run()
#7 C:\xampp\htdocs\u-work\system\Commands\Server\rewrite.php(45): require_once('C:\\xampp\\htdocs...')
#8 {main}
CRITICAL - 2022-11-24 02:20:28 --> noauth filter must have a matching alias defined.
#0 C:\xampp\htdocs\u-work\system\Filters\Filters.php(354): CodeIgniter\Filters\Exceptions\FilterException::forNoAlias('noauth')
#1 C:\xampp\htdocs\u-work\system\CodeIgniter.php(394): CodeIgniter\Filters\Filters->enableFilter('noauth', 'before')
#2 C:\xampp\htdocs\u-work\system\CodeIgniter.php(333): CodeIgniter\CodeIgniter->handleRequest(NULL, Object(Config\Cache), false)
#3 C:\xampp\htdocs\u-work\public\index.php(44): CodeIgniter\CodeIgniter->run()
#4 C:\xampp\htdocs\u-work\system\Commands\Server\rewrite.php(45): require_once('C:\\xampp\\htdocs...')
#5 {main}
CRITICAL - 2022-11-24 02:20:32 --> noauth filter must have a matching alias defined.
#0 C:\xampp\htdocs\u-work\system\Filters\Filters.php(354): CodeIgniter\Filters\Exceptions\FilterException::forNoAlias('noauth')
#1 C:\xampp\htdocs\u-work\system\CodeIgniter.php(394): CodeIgniter\Filters\Filters->enableFilter('noauth', 'before')
#2 C:\xampp\htdocs\u-work\system\CodeIgniter.php(333): CodeIgniter\CodeIgniter->handleRequest(NULL, Object(Config\Cache), false)
#3 C:\xampp\htdocs\u-work\public\index.php(44): CodeIgniter\CodeIgniter->run()
#4 C:\xampp\htdocs\u-work\system\Commands\Server\rewrite.php(45): require_once('C:\\xampp\\htdocs...')
#5 {main}
CRITICAL - 2022-11-24 02:20:41 --> Invalid file: login.php
#0 C:\xampp\htdocs\u-work\system\View\View.php(203): CodeIgniter\Exceptions\FrameworkException::forInvalidFile('login.php')
#1 C:\xampp\htdocs\u-work\system\Common.php(1217): CodeIgniter\View\View->render('login', Array, true)
#2 C:\xampp\htdocs\u-work\app\Controllers\Users.php(43): view('login')
#3 C:\xampp\htdocs\u-work\system\CodeIgniter.php(936): App\Controllers\Users->index()
#4 C:\xampp\htdocs\u-work\system\CodeIgniter.php(432): CodeIgniter\CodeIgniter->runController(Object(App\Controllers\Users))
#5 C:\xampp\htdocs\u-work\system\CodeIgniter.php(333): CodeIgniter\CodeIgniter->handleRequest(NULL, Object(Config\Cache), false)
#6 C:\xampp\htdocs\u-work\public\index.php(44): CodeIgniter\CodeIgniter->run()
#7 C:\xampp\htdocs\u-work\system\Commands\Server\rewrite.php(45): require_once('C:\\xampp\\htdocs...')
#8 {main}
CRITICAL - 2022-11-24 02:20:44 --> Invalid file: login.php
#0 C:\xampp\htdocs\u-work\system\View\View.php(203): CodeIgniter\Exceptions\FrameworkException::forInvalidFile('login.php')
#1 C:\xampp\htdocs\u-work\system\Common.php(1217): CodeIgniter\View\View->render('login', Array, true)
#2 C:\xampp\htdocs\u-work\app\Controllers\Users.php(43): view('login')
#3 C:\xampp\htdocs\u-work\system\CodeIgniter.php(936): App\Controllers\Users->index()
#4 C:\xampp\htdocs\u-work\system\CodeIgniter.php(432): CodeIgniter\CodeIgniter->runController(Object(App\Controllers\Users))
#5 C:\xampp\htdocs\u-work\system\CodeIgniter.php(333): CodeIgniter\CodeIgniter->handleRequest(NULL, Object(Config\Cache), false)
#6 C:\xampp\htdocs\u-work\public\index.php(44): CodeIgniter\CodeIgniter->run()
#7 C:\xampp\htdocs\u-work\system\Commands\Server\rewrite.php(45): require_once('C:\\xampp\\htdocs...')
#8 {main}
CRITICAL - 2022-11-24 02:20:45 --> Invalid file: login.php
#0 C:\xampp\htdocs\u-work\system\View\View.php(203): CodeIgniter\Exceptions\FrameworkException::forInvalidFile('login.php')
#1 C:\xampp\htdocs\u-work\system\Common.php(1217): CodeIgniter\View\View->render('login', Array, true)
#2 C:\xampp\htdocs\u-work\app\Controllers\Users.php(43): view('login')
#3 C:\xampp\htdocs\u-work\system\CodeIgniter.php(936): App\Controllers\Users->index()
#4 C:\xampp\htdocs\u-work\system\CodeIgniter.php(432): CodeIgniter\CodeIgniter->runController(Object(App\Controllers\Users))
#5 C:\xampp\htdocs\u-work\system\CodeIgniter.php(333): CodeIgniter\CodeIgniter->handleRequest(NULL, Object(Config\Cache), false)
#6 C:\xampp\htdocs\u-work\public\index.php(44): CodeIgniter\CodeIgniter->run()
#7 C:\xampp\htdocs\u-work\system\Commands\Server\rewrite.php(45): require_once('C:\\xampp\\htdocs...')
#8 {main}
CRITICAL - 2022-11-24 02:22:20 --> noauth filter must have a matching alias defined.
#0 C:\xampp\htdocs\u-work\system\Filters\Filters.php(354): CodeIgniter\Filters\Exceptions\FilterException::forNoAlias('noauth')
#1 C:\xampp\htdocs\u-work\system\CodeIgniter.php(394): CodeIgniter\Filters\Filters->enableFilter('noauth', 'before')
#2 C:\xampp\htdocs\u-work\system\CodeIgniter.php(333): CodeIgniter\CodeIgniter->handleRequest(NULL, Object(Config\Cache), false)
#3 C:\xampp\htdocs\u-work\public\index.php(44): CodeIgniter\CodeIgniter->run()
#4 C:\xampp\htdocs\u-work\system\Commands\Server\rewrite.php(45): require_once('C:\\xampp\\htdocs...')
#5 {main}
CRITICAL - 2022-11-24 02:22:21 --> noauth filter must have a matching alias defined.
#0 C:\xampp\htdocs\u-work\system\Filters\Filters.php(354): CodeIgniter\Filters\Exceptions\FilterException::forNoAlias('noauth')
#1 C:\xampp\htdocs\u-work\system\CodeIgniter.php(394): CodeIgniter\Filters\Filters->enableFilter('noauth', 'before')
#2 C:\xampp\htdocs\u-work\system\CodeIgniter.php(333): CodeIgniter\CodeIgniter->handleRequest(NULL, Object(Config\Cache), false)
#3 C:\xampp\htdocs\u-work\public\index.php(44): CodeIgniter\CodeIgniter->run()
#4 C:\xampp\htdocs\u-work\system\Commands\Server\rewrite.php(45): require_once('C:\\xampp\\htdocs...')
#5 {main}
CRITICAL - 2022-11-24 02:23:14 --> noauth filter must have a matching alias defined.
#0 C:\xampp\htdocs\u-work\system\Filters\Filters.php(354): CodeIgniter\Filters\Exceptions\FilterException::forNoAlias('noauth')
#1 C:\xampp\htdocs\u-work\system\CodeIgniter.php(394): CodeIgniter\Filters\Filters->enableFilter('noauth', 'before')
#2 C:\xampp\htdocs\u-work\system\CodeIgniter.php(333): CodeIgniter\CodeIgniter->handleRequest(NULL, Object(Config\Cache), false)
#3 C:\xampp\htdocs\u-work\public\index.php(44): CodeIgniter\CodeIgniter->run()
#4 C:\xampp\htdocs\u-work\system\Commands\Server\rewrite.php(45): require_once('C:\\xampp\\htdocs...')
#5 {main}
CRITICAL - 2022-11-24 02:23:15 --> noauth filter must have a matching alias defined.
#0 C:\xampp\htdocs\u-work\system\Filters\Filters.php(354): CodeIgniter\Filters\Exceptions\FilterException::forNoAlias('noauth')
#1 C:\xampp\htdocs\u-work\system\CodeIgniter.php(394): CodeIgniter\Filters\Filters->enableFilter('noauth', 'before')
#2 C:\xampp\htdocs\u-work\system\CodeIgniter.php(333): CodeIgniter\CodeIgniter->handleRequest(NULL, Object(Config\Cache), false)
#3 C:\xampp\htdocs\u-work\public\index.php(44): CodeIgniter\CodeIgniter->run()
#4 C:\xampp\htdocs\u-work\system\Commands\Server\rewrite.php(45): require_once('C:\\xampp\\htdocs...')
#5 {main}
CRITICAL - 2022-11-24 02:23:15 --> noauth filter must have a matching alias defined.
#0 C:\xampp\htdocs\u-work\system\Filters\Filters.php(354): CodeIgniter\Filters\Exceptions\FilterException::forNoAlias('noauth')
#1 C:\xampp\htdocs\u-work\system\CodeIgniter.php(394): CodeIgniter\Filters\Filters->enableFilter('noauth', 'before')
#2 C:\xampp\htdocs\u-work\system\CodeIgniter.php(333): CodeIgniter\CodeIgniter->handleRequest(NULL, Object(Config\Cache), false)
#3 C:\xampp\htdocs\u-work\public\index.php(44): CodeIgniter\CodeIgniter->run()
#4 C:\xampp\htdocs\u-work\system\Commands\Server\rewrite.php(45): require_once('C:\\xampp\\htdocs...')
#5 {main}
CRITICAL - 2022-11-24 02:23:15 --> noauth filter must have a matching alias defined.
#0 C:\xampp\htdocs\u-work\system\Filters\Filters.php(354): CodeIgniter\Filters\Exceptions\FilterException::forNoAlias('noauth')
#1 C:\xampp\htdocs\u-work\system\CodeIgniter.php(394): CodeIgniter\Filters\Filters->enableFilter('noauth', 'before')
#2 C:\xampp\htdocs\u-work\system\CodeIgniter.php(333): CodeIgniter\CodeIgniter->handleRequest(NULL, Object(Config\Cache), false)
#3 C:\xampp\htdocs\u-work\public\index.php(44): CodeIgniter\CodeIgniter->run()
#4 C:\xampp\htdocs\u-work\system\Commands\Server\rewrite.php(45): require_once('C:\\xampp\\htdocs...')
#5 {main}
CRITICAL - 2022-11-24 02:24:04 --> noauth filter must have a matching alias defined.
#0 C:\xampp\htdocs\u-work\system\Filters\Filters.php(354): CodeIgniter\Filters\Exceptions\FilterException::forNoAlias('noauth')
#1 C:\xampp\htdocs\u-work\system\CodeIgniter.php(394): CodeIgniter\Filters\Filters->enableFilter('noauth', 'before')
#2 C:\xampp\htdocs\u-work\system\CodeIgniter.php(333): CodeIgniter\CodeIgniter->handleRequest(NULL, Object(Config\Cache), false)
#3 C:\xampp\htdocs\u-work\public\index.php(44): CodeIgniter\CodeIgniter->run()
#4 C:\xampp\htdocs\u-work\system\Commands\Server\rewrite.php(45): require_once('C:\\xampp\\htdocs...')
#5 {main}
CRITICAL - 2022-11-24 02:24:07 --> noauth filter must have a matching alias defined.
#0 C:\xampp\htdocs\u-work\system\Filters\Filters.php(354): CodeIgniter\Filters\Exceptions\FilterException::forNoAlias('noauth')
#1 C:\xampp\htdocs\u-work\system\CodeIgniter.php(394): CodeIgniter\Filters\Filters->enableFilter('noauth', 'before')
#2 C:\xampp\htdocs\u-work\system\CodeIgniter.php(333): CodeIgniter\CodeIgniter->handleRequest(NULL, Object(Config\Cache), false)
#3 C:\xampp\htdocs\u-work\public\index.php(44): CodeIgniter\CodeIgniter->run()
#4 C:\xampp\htdocs\u-work\system\Commands\Server\rewrite.php(45): require_once('C:\\xampp\\htdocs...')
#5 {main}
CRITICAL - 2022-11-24 02:24:11 --> noauth filter must have a matching alias defined.
#0 C:\xampp\htdocs\u-work\system\Filters\Filters.php(354): CodeIgniter\Filters\Exceptions\FilterException::forNoAlias('noauth')
#1 C:\xampp\htdocs\u-work\system\CodeIgniter.php(394): CodeIgniter\Filters\Filters->enableFilter('noauth', 'before')
#2 C:\xampp\htdocs\u-work\system\CodeIgniter.php(333): CodeIgniter\CodeIgniter->handleRequest(NULL, Object(Config\Cache), false)
#3 C:\xampp\htdocs\u-work\public\index.php(44): CodeIgniter\CodeIgniter->run()
#4 C:\xampp\htdocs\u-work\system\Commands\Server\rewrite.php(45): require_once('C:\\xampp\\htdocs...')
#5 {main}
CRITICAL - 2022-11-24 02:25:25 --> noauth filter must have a matching alias defined.
#0 C:\xampp\htdocs\u-work\system\Filters\Filters.php(354): CodeIgniter\Filters\Exceptions\FilterException::forNoAlias('noauth')
#1 C:\xampp\htdocs\u-work\system\CodeIgniter.php(394): CodeIgniter\Filters\Filters->enableFilter('noauth', 'before')
#2 C:\xampp\htdocs\u-work\system\CodeIgniter.php(333): CodeIgniter\CodeIgniter->handleRequest(NULL, Object(Config\Cache), false)
#3 C:\xampp\htdocs\u-work\public\index.php(44): CodeIgniter\CodeIgniter->run()
#4 C:\xampp\htdocs\u-work\system\Commands\Server\rewrite.php(45): require_once('C:\\xampp\\htdocs...')
#5 {main}
CRITICAL - 2022-11-24 02:25:30 --> noauth filter must have a matching alias defined.
#0 C:\xampp\htdocs\u-work\system\Filters\Filters.php(354): CodeIgniter\Filters\Exceptions\FilterException::forNoAlias('noauth')
#1 C:\xampp\htdocs\u-work\system\CodeIgniter.php(394): CodeIgniter\Filters\Filters->enableFilter('noauth', 'before')
#2 C:\xampp\htdocs\u-work\system\CodeIgniter.php(333): CodeIgniter\CodeIgniter->handleRequest(NULL, Object(Config\Cache), false)
#3 C:\xampp\htdocs\u-work\public\index.php(44): CodeIgniter\CodeIgniter->run()
#4 C:\xampp\htdocs\u-work\system\Commands\Server\rewrite.php(45): require_once('C:\\xampp\\htdocs...')
#5 {main}
CRITICAL - 2022-11-24 02:26:16 --> noauth filter must have a matching alias defined.
#0 C:\xampp\htdocs\u-work\system\Filters\Filters.php(354): CodeIgniter\Filters\Exceptions\FilterException::forNoAlias('noauth')
#1 C:\xampp\htdocs\u-work\system\CodeIgniter.php(394): CodeIgniter\Filters\Filters->enableFilter('noauth', 'before')
#2 C:\xampp\htdocs\u-work\system\CodeIgniter.php(333): CodeIgniter\CodeIgniter->handleRequest(NULL, Object(Config\Cache), false)
#3 C:\xampp\htdocs\u-work\public\index.php(44): CodeIgniter\CodeIgniter->run()
#4 C:\xampp\htdocs\u-work\system\Commands\Server\rewrite.php(45): require_once('C:\\xampp\\htdocs...')
#5 {main}
CRITICAL - 2022-11-24 02:26:17 --> noauth filter must have a matching alias defined.
#0 C:\xampp\htdocs\u-work\system\Filters\Filters.php(354): CodeIgniter\Filters\Exceptions\FilterException::forNoAlias('noauth')
#1 C:\xampp\htdocs\u-work\system\CodeIgniter.php(394): CodeIgniter\Filters\Filters->enableFilter('noauth', 'before')
#2 C:\xampp\htdocs\u-work\system\CodeIgniter.php(333): CodeIgniter\CodeIgniter->handleRequest(NULL, Object(Config\Cache), false)
#3 C:\xampp\htdocs\u-work\public\index.php(44): CodeIgniter\CodeIgniter->run()
#4 C:\xampp\htdocs\u-work\system\Commands\Server\rewrite.php(45): require_once('C:\\xampp\\htdocs...')
#5 {main}
CRITICAL - 2022-11-24 02:26:18 --> noauth filter must have a matching alias defined.
#0 C:\xampp\htdocs\u-work\system\Filters\Filters.php(354): CodeIgniter\Filters\Exceptions\FilterException::forNoAlias('noauth')
#1 C:\xampp\htdocs\u-work\system\CodeIgniter.php(394): CodeIgniter\Filters\Filters->enableFilter('noauth', 'before')
#2 C:\xampp\htdocs\u-work\system\CodeIgniter.php(333): CodeIgniter\CodeIgniter->handleRequest(NULL, Object(Config\Cache), false)
#3 C:\xampp\htdocs\u-work\public\index.php(44): CodeIgniter\CodeIgniter->run()
#4 C:\xampp\htdocs\u-work\system\Commands\Server\rewrite.php(45): require_once('C:\\xampp\\htdocs...')
#5 {main}
CRITICAL - 2022-11-24 02:28:01 --> noauth filter must have a matching alias defined.
#0 C:\xampp\htdocs\u-work\system\Filters\Filters.php(354): CodeIgniter\Filters\Exceptions\FilterException::forNoAlias('noauth')
#1 C:\xampp\htdocs\u-work\system\CodeIgniter.php(394): CodeIgniter\Filters\Filters->enableFilter('noauth', 'before')
#2 C:\xampp\htdocs\u-work\system\CodeIgniter.php(333): CodeIgniter\CodeIgniter->handleRequest(NULL, Object(Config\Cache), false)
#3 C:\xampp\htdocs\u-work\public\index.php(44): CodeIgniter\CodeIgniter->run()
#4 C:\xampp\htdocs\u-work\system\Commands\Server\rewrite.php(45): require_once('C:\\xampp\\htdocs...')
#5 {main}
CRITICAL - 2022-11-24 02:28:02 --> noauth filter must have a matching alias defined.
#0 C:\xampp\htdocs\u-work\system\Filters\Filters.php(354): CodeIgniter\Filters\Exceptions\FilterException::forNoAlias('noauth')
#1 C:\xampp\htdocs\u-work\system\CodeIgniter.php(394): CodeIgniter\Filters\Filters->enableFilter('noauth', 'before')
#2 C:\xampp\htdocs\u-work\system\CodeIgniter.php(333): CodeIgniter\CodeIgniter->handleRequest(NULL, Object(Config\Cache), false)
#3 C:\xampp\htdocs\u-work\public\index.php(44): CodeIgniter\CodeIgniter->run()
#4 C:\xampp\htdocs\u-work\system\Commands\Server\rewrite.php(45): require_once('C:\\xampp\\htdocs...')
#5 {main}
CRITICAL - 2022-11-24 02:28:07 --> noauth filter must have a matching alias defined.
#0 C:\xampp\htdocs\u-work\system\Filters\Filters.php(354): CodeIgniter\Filters\Exceptions\FilterException::forNoAlias('noauth')
#1 C:\xampp\htdocs\u-work\system\CodeIgniter.php(394): CodeIgniter\Filters\Filters->enableFilter('noauth', 'before')
#2 C:\xampp\htdocs\u-work\system\CodeIgniter.php(333): CodeIgniter\CodeIgniter->handleRequest(NULL, Object(Config\Cache), false)
#3 C:\xampp\htdocs\u-work\public\index.php(44): CodeIgniter\CodeIgniter->run()
#4 C:\xampp\htdocs\u-work\system\Commands\Server\rewrite.php(45): require_once('C:\\xampp\\htdocs...')
#5 {main}
CRITICAL - 2022-11-24 02:29:08 --> noauth filter must have a matching alias defined.
#0 C:\xampp\htdocs\u-work\system\Filters\Filters.php(354): CodeIgniter\Filters\Exceptions\FilterException::forNoAlias('noauth')
#1 C:\xampp\htdocs\u-work\system\CodeIgniter.php(394): CodeIgniter\Filters\Filters->enableFilter('noauth', 'before')
#2 C:\xampp\htdocs\u-work\system\CodeIgniter.php(333): CodeIgniter\CodeIgniter->handleRequest(NULL, Object(Config\Cache), false)
#3 C:\xampp\htdocs\u-work\public\index.php(44): CodeIgniter\CodeIgniter->run()
#4 C:\xampp\htdocs\u-work\system\Commands\Server\rewrite.php(45): require_once('C:\\xampp\\htdocs...')
#5 {main}
CRITICAL - 2022-11-24 02:30:07 --> noauth filter must have a matching alias defined.
#0 C:\xampp\htdocs\u-work\system\Filters\Filters.php(354): CodeIgniter\Filters\Exceptions\FilterException::forNoAlias('noauth')
#1 C:\xampp\htdocs\u-work\system\CodeIgniter.php(394): CodeIgniter\Filters\Filters->enableFilter('noauth', 'before')
#2 C:\xampp\htdocs\u-work\system\CodeIgniter.php(333): CodeIgniter\CodeIgniter->handleRequest(NULL, Object(Config\Cache), false)
#3 C:\xampp\htdocs\u-work\public\index.php(44): CodeIgniter\CodeIgniter->run()
#4 C:\xampp\htdocs\u-work\system\Commands\Server\rewrite.php(45): require_once('C:\\xampp\\htdocs...')
#5 {main}
CRITICAL - 2022-11-24 02:30:36 --> noauth filter must have a matching alias defined.
#0 C:\xampp\htdocs\u-work\system\Filters\Filters.php(354): CodeIgniter\Filters\Exceptions\FilterException::forNoAlias('noauth')
#1 C:\xampp\htdocs\u-work\system\CodeIgniter.php(394): CodeIgniter\Filters\Filters->enableFilter('noauth', 'before')
#2 C:\xampp\htdocs\u-work\system\CodeIgniter.php(333): CodeIgniter\CodeIgniter->handleRequest(NULL, Object(Config\Cache), false)
#3 C:\xampp\htdocs\u-work\public\index.php(44): CodeIgniter\CodeIgniter->run()
#4 C:\xampp\htdocs\u-work\system\Commands\Server\rewrite.php(45): require_once('C:\\xampp\\htdocs...')
#5 {main}
CRITICAL - 2022-11-24 02:30:37 --> noauth filter must have a matching alias defined.
#0 C:\xampp\htdocs\u-work\system\Filters\Filters.php(354): CodeIgniter\Filters\Exceptions\FilterException::forNoAlias('noauth')
#1 C:\xampp\htdocs\u-work\system\CodeIgniter.php(394): CodeIgniter\Filters\Filters->enableFilter('noauth', 'before')
#2 C:\xampp\htdocs\u-work\system\CodeIgniter.php(333): CodeIgniter\CodeIgniter->handleRequest(NULL, Object(Config\Cache), false)
#3 C:\xampp\htdocs\u-work\public\index.php(44): CodeIgniter\CodeIgniter->run()
#4 C:\xampp\htdocs\u-work\system\Commands\Server\rewrite.php(45): require_once('C:\\xampp\\htdocs...')
#5 {main}
CRITICAL - 2022-11-24 02:30:37 --> noauth filter must have a matching alias defined.
#0 C:\xampp\htdocs\u-work\system\Filters\Filters.php(354): CodeIgniter\Filters\Exceptions\FilterException::forNoAlias('noauth')
#1 C:\xampp\htdocs\u-work\system\CodeIgniter.php(394): CodeIgniter\Filters\Filters->enableFilter('noauth', 'before')
#2 C:\xampp\htdocs\u-work\system\CodeIgniter.php(333): CodeIgniter\CodeIgniter->handleRequest(NULL, Object(Config\Cache), false)
#3 C:\xampp\htdocs\u-work\public\index.php(44): CodeIgniter\CodeIgniter->run()
#4 C:\xampp\htdocs\u-work\system\Commands\Server\rewrite.php(45): require_once('C:\\xampp\\htdocs...')
#5 {main}
CRITICAL - 2022-11-24 02:31:31 --> noauth filter must have a matching alias defined.
#0 C:\xampp\htdocs\u-work\system\Filters\Filters.php(354): CodeIgniter\Filters\Exceptions\FilterException::forNoAlias('noauth')
#1 C:\xampp\htdocs\u-work\system\CodeIgniter.php(394): CodeIgniter\Filters\Filters->enableFilter('noauth', 'before')
#2 C:\xampp\htdocs\u-work\system\CodeIgniter.php(333): CodeIgniter\CodeIgniter->handleRequest(NULL, Object(Config\Cache), false)
#3 C:\xampp\htdocs\u-work\public\index.php(44): CodeIgniter\CodeIgniter->run()
#4 C:\xampp\htdocs\u-work\system\Commands\Server\rewrite.php(45): require_once('C:\\xampp\\htdocs...')
#5 {main}
